14:33:16.836 [main] INFO  testCases.commonBase.setup(commonBase.java:30)oggger - ------Launching website------
14:57:26.323 [main] INFO  testCases.commonBase.setup(commonBase.java:30)oggger - ------Launching website------
14:57:48.933 [main] INFO  testCases.TC1_registration.registration(TC1_registration.java:15)oggger - ------clicked on my account------
14:57:49.794 [main] INFO  testCases.TC1_registration.registration(TC1_registration.java:18)oggger - ------clicked on Registration------
14:57:49.822 [main] INFO  testCases.TC1_registration.registration(TC1_registration.java:21)oggger - ------Getting user details------
14:59:21.948 [main] INFO  testCases.commonBase.setup(commonBase.java:30)oggger - ------Launching website------
14:59:44.677 [main] INFO  testCases.TC1_registration.registration(TC1_registration.java:15)oggger - ------clicked on my account------
14:59:45.610 [main] INFO  testCases.TC1_registration.registration(TC1_registration.java:18)oggger - ------clicked on Registration------
14:59:45.614 [main] INFO  testCases.TC1_registration.registration(TC1_registration.java:21)oggger - ------Getting user details------
14:59:49.646 [main] ERROR testCases.TC1_registration.registration(TC1_registration.java:38)oggger - Test fail
15:00:40.524 [main] INFO  testCases.commonBase.setup(commonBase.java:30)oggger - ------Launching website------
15:01:03.568 [main] INFO  testCases.TC1_registration.registration(TC1_registration.java:15)oggger - ------clicked on my account------
15:01:06.296 [main] INFO  testCases.TC1_registration.registration(TC1_registration.java:18)oggger - ------clicked on Registration------
15:01:06.302 [main] INFO  testCases.TC1_registration.registration(TC1_registration.java:21)oggger - ------Getting user details------
15:01:10.637 [main] ERROR testCases.TC1_registration.registration(TC1_registration.java:38)oggger - Test fail
10:56:33.931 [main] INFO  testBase.commonBase.setup(commonBase.java:35)oggger - ------Launching website------
10:56:57.030 [main] INFO  testCases.TC1_registration.registration(TC1_registration.java:16)oggger - ------clicked on my account------
10:56:58.209 [main] INFO  testCases.TC1_registration.registration(TC1_registration.java:19)oggger - ------clicked on Registration------
10:56:58.233 [main] INFO  testCases.TC1_registration.registration(TC1_registration.java:22)oggger - ------Getting user details------
10:57:02.605 [main] ERROR testCases.TC1_registration.registration(TC1_registration.java:39)oggger - Test fail
01:38:12.472 [main] INFO  testBase.commonBase.setup(commonBase.java:35)oggger - ------Launching website------
01:38:35.516 [main] INFO  testCases.TC1_registration.registration(TC1_registration.java:19)oggger - ------clicked on my account------
01:38:36.900 [main] INFO  testCases.TC1_registration.registration(TC1_registration.java:22)oggger - ------clicked on Registration------
01:38:36.930 [main] INFO  testCases.TC1_registration.registration(TC1_registration.java:25)oggger - ------Getting user details------
01:45:34.807 [main] INFO  testBase.commonBase.setup(commonBase.java:36)oggger - ------Launching website------
01:45:57.377 [main] INFO  testCases.TC1_registration.registration(TC1_registration.java:21)oggger - ------clicked on my account------
01:45:58.377 [main] INFO  testCases.TC1_registration.registration(TC1_registration.java:24)oggger - ------clicked on Registration------
01:45:58.383 [main] INFO  testCases.TC1_registration.registration(TC1_registration.java:27)oggger - ------Getting user details------
02:30:49.837 [main] INFO  testBase.commonBase.setup(commonBase.java:36)oggger - ------Launching website------
02:31:12.852 [main] INFO  testCases.TC1_registration.registration(TC1_registration.java:21)oggger - ------clicked on my account------
02:31:13.849 [main] INFO  testCases.TC1_registration.registration(TC1_registration.java:24)oggger - ------clicked on Registration------
02:31:13.855 [main] INFO  testCases.TC1_registration.registration(TC1_registration.java:27)oggger - ------Getting user details------
02:33:01.650 [main] INFO  testBase.commonBase.setup(commonBase.java:36)oggger - ------Launching website------
02:33:24.261 [main] INFO  testCases.TC1_registration.registration(TC1_registration.java:21)oggger - ------clicked on my account------
02:33:25.287 [main] INFO  testCases.TC1_registration.registration(TC1_registration.java:24)oggger - ------clicked on Registration------
02:33:25.293 [main] INFO  testCases.TC1_registration.registration(TC1_registration.java:27)oggger - ------Getting user details------
02:38:31.939 [main] INFO  testBase.commonBase.setup(commonBase.java:36)oggger - ------Launching website------
02:39:03.385 [main] INFO  testCases.TC1_registration.registration(TC1_registration.java:21)oggger - ------clicked on my account------
02:39:04.315 [main] INFO  testCases.TC1_registration.registration(TC1_registration.java:24)oggger - ------clicked on Registration------
02:39:04.328 [main] INFO  testCases.TC1_registration.registration(TC1_registration.java:27)oggger - ------Getting user details------
02:40:25.507 [main] INFO  testBase.commonBase.setup(commonBase.java:36)oggger - ------Launching website------
02:40:48.292 [main] INFO  testCases.TC1_registration.registration(TC1_registration.java:21)oggger - ------clicked on my account------
02:40:49.034 [main] INFO  testCases.TC1_registration.registration(TC1_registration.java:24)oggger - ------clicked on Registration------
02:40:49.038 [main] INFO  testCases.TC1_registration.registration(TC1_registration.java:27)oggger - ------Getting user details------
03:43:28.221 [main] INFO  testBase.commonBase.setup(commonBase.java:36)oggger - ------Launching website------
03:43:50.561 [main] INFO  testCases.TC1_registration.registration(TC1_registration.java:21)oggger - ------clicked on my account------
03:43:51.422 [main] INFO  testCases.TC1_registration.registration(TC1_registration.java:24)oggger - ------clicked on Registration------
03:43:51.439 [main] INFO  testCases.TC1_registration.registration(TC1_registration.java:27)oggger - ------Getting user details------
03:44:29.568 [main] INFO  testBase.commonBase.setup(commonBase.java:36)oggger - ------Launching website------
03:44:52.078 [main] INFO  testCases.TC1_registration.registration(TC1_registration.java:21)oggger - ------clicked on my account------
03:44:53.219 [main] INFO  testCases.TC1_registration.registration(TC1_registration.java:24)oggger - ------clicked on Registration------
03:44:53.224 [main] INFO  testCases.TC1_registration.registration(TC1_registration.java:27)oggger - ------Getting user details------
03:46:45.965 [main] INFO  testBase.commonBase.setup(commonBase.java:36)oggger - ------Launching website------
03:47:09.770 [main] INFO  testCases.TC1_registration.registration(TC1_registration.java:21)oggger - ------clicked on my account------
03:47:11.465 [main] INFO  testCases.TC1_registration.registration(TC1_registration.java:24)oggger - ------clicked on Registration------
03:47:11.471 [main] INFO  testCases.TC1_registration.registration(TC1_registration.java:27)oggger - ------Getting user details------
13:52:10.423 [main] INFO  testBase.commonBase.setup(commonBase.java:36)oggger - ------Launching website------
13:52:33.090 [main] INFO  testCases.TC1_registration.registration(TC1_registration.java:21)oggger - ------clicked on my account------
13:52:34.009 [main] INFO  testCases.TC1_registration.registration(TC1_registration.java:24)oggger - ------clicked on Registration------
13:52:34.036 [main] INFO  testCases.TC1_registration.registration(TC1_registration.java:27)oggger - ------Getting user details------
13:56:32.089 [main] INFO  testBase.commonBase.setup(commonBase.java:36)oggger - ------Launching website------
13:56:54.954 [main] INFO  testCases.TC1_registration.registration(TC1_registration.java:21)oggger - ------clicked on my account------
13:56:55.861 [main] INFO  testCases.TC1_registration.registration(TC1_registration.java:24)oggger - ------clicked on Registration------
13:56:55.867 [main] INFO  testCases.TC1_registration.registration(TC1_registration.java:27)oggger - ------Getting user details------
14:03:53.385 [main] INFO  testBase.commonBase.setup(commonBase.java:36)oggger - ------Launching website------
14:04:16.330 [main] INFO  testCases.TC1_registration.registration(TC1_registration.java:21)oggger - ------clicked on my account------
14:04:17.339 [main] INFO  testCases.TC1_registration.registration(TC1_registration.java:24)oggger - ------clicked on Registration------
14:04:17.345 [main] INFO  testCases.TC1_registration.registration(TC1_registration.java:27)oggger - ------Getting user details------
15:01:00.094 [main] INFO  testBase.commonBase.setup(commonBase.java:40)oggger - ------Launching website------
15:04:01.987 [main] INFO  testBase.commonBase.setup(commonBase.java:40)oggger - ------Launching website------
15:26:31.357 [main] INFO  testBase.commonBase.setup(commonBase.java:40)oggger - ------Launching website------
15:26:53.807 [main] INFO  testCases.TC1_registration.registration(TC1_registration.java:21)oggger - ------clicked on my account------
15:26:54.588 [main] INFO  testCases.TC1_registration.registration(TC1_registration.java:24)oggger - ------clicked on Registration------
15:26:54.605 [main] INFO  testCases.TC1_registration.registration(TC1_registration.java:27)oggger - ------Getting user details------
15:16:20.254 [main] INFO  testBase.commonBase.setup(commonBase.java:40)oggger - ------Launching website------
15:16:43.504 [main] INFO  testCases.TC1_registration.registration(TC1_registration.java:21)oggger - ------clicked on my account------
15:16:44.728 [main] INFO  testCases.TC1_registration.registration(TC1_registration.java:24)oggger - ------clicked on Registration------
15:16:44.755 [main] INFO  testCases.TC1_registration.registration(TC1_registration.java:27)oggger - ------Getting user details------
15:19:40.091 [main] INFO  testBase.commonBase.setup(commonBase.java:40)oggger - ------Launching website------
15:20:03.400 [main] INFO  testCases.TC1_registration.registration(TC1_registration.java:21)oggger - ------clicked on my account------
15:20:05.322 [main] INFO  testCases.TC1_registration.registration(TC1_registration.java:24)oggger - ------clicked on Registration------
15:20:05.339 [main] INFO  testCases.TC1_registration.registration(TC1_registration.java:27)oggger - ------Getting user details------
15:24:20.304 [main] INFO  testBase.commonBase.setup(commonBase.java:40)oggger - ------Launching website------
15:24:43.001 [main] INFO  testCases.TC1_registration.registration(TC1_registration.java:21)oggger - ------clicked on my account------
15:24:45.871 [main] INFO  testCases.TC1_registration.registration(TC1_registration.java:24)oggger - ------clicked on Registration------
15:24:45.878 [main] INFO  testCases.TC1_registration.registration(TC1_registration.java:27)oggger - ------Getting user details------
15:28:33.107 [main] INFO  testBase.commonBase.setup(commonBase.java:40)oggger - ------Launching website------
15:28:56.205 [main] INFO  testCases.TC1_registration.registration(TC1_registration.java:21)oggger - ------clicked on my account------
15:28:57.188 [main] INFO  testCases.TC1_registration.registration(TC1_registration.java:24)oggger - ------clicked on Registration------
15:28:57.194 [main] INFO  testCases.TC1_registration.registration(TC1_registration.java:27)oggger - ------Getting user details------
15:29:35.879 [main] INFO  testBase.commonBase.setup(commonBase.java:40)oggger - ------Launching website------
15:29:58.753 [main] INFO  testCases.TC1_registration.registration(TC1_registration.java:21)oggger - ------clicked on my account------
15:29:59.741 [main] INFO  testCases.TC1_registration.registration(TC1_registration.java:24)oggger - ------clicked on Registration------
15:29:59.745 [main] INFO  testCases.TC1_registration.registration(TC1_registration.java:27)oggger - ------Getting user details------
15:31:32.193 [main] INFO  testBase.commonBase.setup(commonBase.java:41)oggger - ------Launching website------
15:31:55.198 [main] INFO  testCases.TC1_registration.registration(TC1_registration.java:21)oggger - ------clicked on my account------
15:31:56.213 [main] INFO  testCases.TC1_registration.registration(TC1_registration.java:24)oggger - ------clicked on Registration------
15:31:56.220 [main] INFO  testCases.TC1_registration.registration(TC1_registration.java:27)oggger - ------Getting user details------
21:29:41.998 [main] INFO  testBase.commonBase.setup(commonBase.java:44)oggger - ------Launching website------
21:30:04.897 [main] INFO  testCases.TC1_registration.registration(TC1_registration.java:21)oggger - ------clicked on my account------
21:30:06.566 [main] INFO  testCases.TC1_registration.registration(TC1_registration.java:24)oggger - ------clicked on Registration------
21:30:06.598 [main] INFO  testCases.TC1_registration.registration(TC1_registration.java:27)oggger - ------Getting user details------
21:33:04.721 [main] INFO  testBase.commonBase.setup(commonBase.java:44)oggger - ------Launching website------
21:33:27.340 [main] INFO  testCases.TC1_registration.registration(TC1_registration.java:21)oggger - ------clicked on my account------
21:33:28.291 [main] INFO  testCases.TC1_registration.registration(TC1_registration.java:24)oggger - ------clicked on Registration------
21:33:28.295 [main] INFO  testCases.TC1_registration.registration(TC1_registration.java:27)oggger - ------Getting user details------
21:34:54.360 [main] INFO  testBase.commonBase.setup(commonBase.java:44)oggger - ------Launching website------
21:35:17.252 [main] INFO  testCases.TC1_registration.registration(TC1_registration.java:21)oggger - ------clicked on my account------
21:35:18.287 [main] INFO  testCases.TC1_registration.registration(TC1_registration.java:24)oggger - ------clicked on Registration------
21:35:18.296 [main] INFO  testCases.TC1_registration.registration(TC1_registration.java:27)oggger - ------Getting user details------
21:39:57.511 [main] INFO  testBase.commonBase.setup(commonBase.java:44)oggger - ------Launching website------
21:40:20.404 [main] INFO  testCases.TC1_registration.registration(TC1_registration.java:21)oggger - ------clicked on my account------
21:40:21.393 [main] INFO  testCases.TC1_registration.registration(TC1_registration.java:24)oggger - ------clicked on Registration------
21:40:21.399 [main] INFO  testCases.TC1_registration.registration(TC1_registration.java:27)oggger - ------Getting user details------
21:48:35.836 [main] INFO  testBase.commonBase.setup(commonBase.java:44)oggger - ------Launching website------
21:48:59.157 [main] INFO  testCases.TC1_registration.registration(TC1_registration.java:21)oggger - ------clicked on my account------
21:49:00.654 [main] INFO  testCases.TC1_registration.registration(TC1_registration.java:24)oggger - ------clicked on Registration------
21:49:00.658 [main] INFO  testCases.TC1_registration.registration(TC1_registration.java:27)oggger - ------Getting user details------
22:00:23.288 [main] INFO  testBase.commonBase.setup(commonBase.java:44)oggger - ------Launching website------
22:00:46.000 [main] INFO  testCases.TC1_registration.registration(TC1_registration.java:21)oggger - ------clicked on my account------
22:00:47.104 [main] INFO  testCases.TC1_registration.registration(TC1_registration.java:24)oggger - ------clicked on Registration------
22:00:47.109 [main] INFO  testCases.TC1_registration.registration(TC1_registration.java:27)oggger - ------Getting user details------
22:01:19.370 [main] INFO  testBase.commonBase.setup(commonBase.java:44)oggger - ------Launching website------
22:01:42.087 [main] INFO  testCases.TC1_registration.registration(TC1_registration.java:21)oggger - ------clicked on my account------
22:01:42.995 [main] INFO  testCases.TC1_registration.registration(TC1_registration.java:24)oggger - ------clicked on Registration------
22:01:42.998 [main] INFO  testCases.TC1_registration.registration(TC1_registration.java:27)oggger - ------Getting user details------
00:56:03.611 [main] INFO  testBase.commonBase.setup(commonBase.java:44)oggger - ------Launching website------
00:58:48.944 [main] INFO  testBase.commonBase.setup(commonBase.java:44)oggger - ------Launching website------
01:06:53.242 [main] INFO  testBase.commonBase.setup(commonBase.java:44)oggger - ------Launching website------
01:14:58.754 [main] INFO  testBase.commonBase.setup(commonBase.java:44)oggger - ------Launching website------
14:34:24.616 [main] INFO  testBase.commonBase.setup(commonBase.java:44)oggger - ------Launching website------
14:34:47.807 [main] INFO  testCases.TC1_registration.registration(TC1_registration.java:21)oggger - ------clicked on my account------
14:34:49.005 [main] INFO  testCases.TC1_registration.registration(TC1_registration.java:24)oggger - ------clicked on Registration------
14:34:49.035 [main] INFO  testCases.TC1_registration.registration(TC1_registration.java:27)oggger - ------Getting user details------
14:40:48.378 [main] INFO  testBase.commonBase.setup(commonBase.java:44)oggger - ------Launching website------
14:41:11.391 [main] INFO  testCases.TC1_registration.registration(TC1_registration.java:21)oggger - ------clicked on my account------
14:41:12.942 [main] INFO  testCases.TC1_registration.registration(TC1_registration.java:24)oggger - ------clicked on Registration------
14:41:12.977 [main] INFO  testCases.TC1_registration.registration(TC1_registration.java:27)oggger - ------Getting user details------
14:44:02.486 [main] INFO  testBase.commonBase.setup(commonBase.java:44)oggger - ------Launching website------
14:44:25.237 [main] INFO  testCases.TC1_registration.registration(TC1_registration.java:21)oggger - ------clicked on my account------
14:44:26.250 [main] INFO  testCases.TC1_registration.registration(TC1_registration.java:24)oggger - ------clicked on Registration------
14:44:26.257 [main] INFO  testCases.TC1_registration.registration(TC1_registration.java:27)oggger - ------Getting user details------
14:49:23.132 [main] INFO  testBase.commonBase.setup(commonBase.java:44)oggger - ------Launching website------
14:49:46.062 [main] INFO  testCases.TC1_registration.registration(TC1_registration.java:21)oggger - ------clicked on my account------
14:49:47.276 [main] INFO  testCases.TC1_registration.registration(TC1_registration.java:24)oggger - ------clicked on Registration------
14:49:47.281 [main] INFO  testCases.TC1_registration.registration(TC1_registration.java:27)oggger - ------Getting user details------
14:53:20.508 [main] INFO  testBase.commonBase.setup(commonBase.java:44)oggger - ------Launching website------
14:57:12.593 [main] INFO  testBase.commonBase.setup(commonBase.java:44)oggger - ------Launching website------
14:57:35.449 [main] INFO  testCases.TC1_registration.registration(TC1_registration.java:21)oggger - ------clicked on my account------
14:57:36.326 [main] INFO  testCases.TC1_registration.registration(TC1_registration.java:24)oggger - ------clicked on Registration------
14:57:36.331 [main] INFO  testCases.TC1_registration.registration(TC1_registration.java:27)oggger - ------Getting user details------
14:58:24.929 [main] INFO  testBase.commonBase.setup(commonBase.java:44)oggger - ------Launching website------
15:03:10.270 [main] INFO  testBase.commonBase.setup(commonBase.java:44)oggger - ------Launching website------
15:03:30.140 [main] INFO  testBase.commonBase.setup(commonBase.java:44)oggger - ------Launching website------
15:03:52.499 [main] INFO  testCases.TC1_registration.registration(TC1_registration.java:21)oggger - ------clicked on my account------
15:03:53.615 [main] INFO  testCases.TC1_registration.registration(TC1_registration.java:24)oggger - ------clicked on Registration------
15:03:53.619 [main] INFO  testCases.TC1_registration.registration(TC1_registration.java:27)oggger - ------Getting user details------
15:29:15.544 [main] INFO  testBase.commonBase.setup(commonBase.java:44)oggger - ------Launching website------
15:30:19.693 [main] INFO  testBase.commonBase.setup(commonBase.java:44)oggger - ------Launching website------
15:33:34.688 [main] INFO  testBase.commonBase.setup(commonBase.java:44)oggger - ------Launching website------
15:40:44.162 [main] INFO  testBase.commonBase.setup(commonBase.java:44)oggger - ------Launching website------
15:55:45.222 [main] INFO  testBase.commonBase.setup(commonBase.java:97)oggger - ------Launching website------
14:29:41.010 [main] INFO  testBase.commonBase.setup(commonBase.java:97)oggger - ------Launching website------
14:32:32.415 [main] INFO  testBase.commonBase.setup(commonBase.java:97)oggger - ------Launching website------
14:37:15.453 [main] INFO  testBase.commonBase.setup(commonBase.java:97)oggger - ------Launching website------
01:17:43.040 [main] INFO  testBase.commonBase.setup(commonBase.java:97)oggger - ------Launching website------
01:25:38.663 [main] INFO  testBase.commonBase.setup(commonBase.java:97)oggger - ------Launching website------
18:10:22.089 [main] INFO  testBase.commonBase.setup(commonBase.java:97)oggger - ------Launching website------
14:38:51.308 [main] INFO  testBase.commonBase.setup(commonBase.java:97)oggger - ------Launching website------
14:47:39.934 [main] INFO  testBase.commonBase.setup(commonBase.java:97)oggger - ------Launching website------
